[INFO] Scanning for projects...
[INFO] 
[INFO] ---------------------< org.docencia:hotel-puerto >----------------------
[INFO] Building hotel-puerto 0.0.1-SNAPSHOT
[INFO]   from pom.xml
[INFO] --------------------------------[ jar ]---------------------------------
[INFO] 
[INFO] --- clean:3.3.2:clean (default-clean) @ hotel-puerto ---
[INFO] Deleting /Users/carlos/DAM/AED/hotel-puerto/target
[INFO] 
[INFO] --- jacoco:0.8.12:prepare-agent (prepare-agent) @ hotel-puerto ---
[INFO] argLine set to -javaagent:/Users/carlos/.m2/repository/org/jacoco/org.jacoco.agent/0.8.12/org.jacoco.agent-0.8.12-runtime.jar=destfile=/Users/carlos/DAM/AED/hotel-puerto/target/jacoco.exec
[INFO] 
[INFO] --- resources:3.3.1:resources (default-resources) @ hotel-puerto ---
[INFO] Copying 1 resource from src/main/resources to target/classes
[INFO] Copying 0 resource from src/main/resources to target/classes
[INFO] 
[INFO] --- compiler:3.13.0:compile (default-compile) @ hotel-puerto ---
[INFO] Recompiling the module because of changed source code.
[INFO] Compiling 42 source files with javac [debug parameters release 17] to target/classes
[INFO] 
[INFO] --- resources:3.3.1:testResources (default-testResources) @ hotel-puerto ---
[INFO] skip non existing resourceDirectory /Users/carlos/DAM/AED/hotel-puerto/src/test/resources
[INFO] 
[INFO] --- compiler:3.13.0:testCompile (default-testCompile) @ hotel-puerto ---
[INFO] Recompiling the module because of changed dependency.
[INFO] Compiling 19 source files with javac [debug parameters release 17] to target/test-classes
[WARNING] The following options were not recognized by any processor: '[mapstruct.defaultComponentModel]'
[INFO] 
[INFO] --- surefire:3.2.5:test (default-test) @ hotel-puerto ---
[INFO] Using auto detected provider org.apache.maven.surefire.junitplatform.JUnitPlatformProvider
[INFO] 
[INFO] -------------------------------------------------------
[INFO]  T E S T S
[INFO] -------------------------------------------------------
[INFO] Running org.docencia.hotel.persistence.jpa.entity.HotelEntityTest
[INFO] Tests run: 10, Failures: 0, Errors: 0, Skipped: 0, Time elapsed: 0.023 s -- in org.docencia.hotel.persistence.jpa.entity.HotelEntityTest
[INFO] Running org.docencia.hotel.persistence.jpa.entity.RoomEntityTest
[INFO] Tests run: 10, Failures: 0, Errors: 0, Skipped: 0, Time elapsed: 0.005 s -- in org.docencia.hotel.persistence.jpa.entity.RoomEntityTest
[INFO] Running org.docencia.hotel.persistence.jpa.entity.BookingEntityTest
[INFO] Tests run: 10, Failures: 0, Errors: 0, Skipped: 0, Time elapsed: 0.004 s -- in org.docencia.hotel.persistence.jpa.entity.BookingEntityTest
[INFO] Running org.docencia.hotel.persistence.jpa.entity.GuestEntityTest
[INFO] Tests run: 10, Failures: 0, Errors: 0, Skipped: 0, Time elapsed: 0.004 s -- in org.docencia.hotel.persistence.jpa.entity.GuestEntityTest
[INFO] Running org.docencia.hotel.persistence.nosql.document.GuestPreferencesDocumentTest
[INFO] Tests run: 10, Failures: 0, Errors: 0, Skipped: 0, Time elapsed: 0.004 s -- in org.docencia.hotel.persistence.nosql.document.GuestPreferencesDocumentTest
[INFO] Running org.docencia.hotel.EjemploTest
[INFO] Tests run: 1, Failures: 0, Errors: 0, Skipped: 0, Time elapsed: 0.001 s -- in org.docencia.hotel.EjemploTest
[INFO] Running org.docencia.hotel.service.impl.GuestServiceImplTest
[INFO] Tests run: 31, Failures: 0, Errors: 0, Skipped: 0, Time elapsed: 0.701 s -- in org.docencia.hotel.service.impl.GuestServiceImplTest
[INFO] Running org.docencia.hotel.service.impl.RoomServiceImplTest
[INFO] Running org.docencia.hotel.service.impl.RoomServiceImplTest$DeleteByHotelIdTests
[INFO] Tests run: 7, Failures: 0, Errors: 0, Skipped: 0, Time elapsed: 0.003 s -- in org.docencia.hotel.service.impl.RoomServiceImplTest$DeleteByHotelIdTests
[INFO] Running org.docencia.hotel.service.impl.RoomServiceImplTest$DeleteByIdTests
[INFO] Tests run: 4, Failures: 0, Errors: 0, Skipped: 0, Time elapsed: 0.003 s -- in org.docencia.hotel.service.impl.RoomServiceImplTest$DeleteByIdTests
[INFO] Running org.docencia.hotel.service.impl.RoomServiceImplTest$FindByHotelIdAndTypeTests
[INFO] Tests run: 5, Failures: 0, Errors: 0, Skipped: 0, Time elapsed: 0.005 s -- in org.docencia.hotel.service.impl.RoomServiceImplTest$FindByHotelIdAndTypeTests
[INFO] Running org.docencia.hotel.service.impl.RoomServiceImplTest$FindByHotelIdTests
[INFO] Tests run: 3, Failures: 0, Errors: 0, Skipped: 0, Time elapsed: 0.003 s -- in org.docencia.hotel.service.impl.RoomServiceImplTest$FindByHotelIdTests
[INFO] Running org.docencia.hotel.service.impl.RoomServiceImplTest$FindByIdTests
[INFO] Tests run: 4, Failures: 0, Errors: 0, Skipped: 0, Time elapsed: 0.004 s -- in org.docencia.hotel.service.impl.RoomServiceImplTest$FindByIdTests
[INFO] Running org.docencia.hotel.service.impl.RoomServiceImplTest$ExistsByIdTests
[INFO] Tests run: 3, Failures: 0, Errors: 0, Skipped: 0, Time elapsed: 0.003 s -- in org.docencia.hotel.service.impl.RoomServiceImplTest$ExistsByIdTests
[INFO] Tests run: 0, Failures: 0, Errors: 0, Skipped: 0, Time elapsed: 0.064 s -- in org.docencia.hotel.service.impl.RoomServiceImplTest
[INFO] Running org.docencia.hotel.service.impl.HotelServiceImplTest
[INFO] Tests run: 19, Failures: 0, Errors: 0, Skipped: 0, Time elapsed: 0.046 s -- in org.docencia.hotel.service.impl.HotelServiceImplTest
[INFO] Running org.docencia.hotel.service.impl.BookingServiceImplTest
[INFO] Tests run: 36, Failures: 0, Errors: 0, Skipped: 0, Time elapsed: 0.057 s -- in org.docencia.hotel.service.impl.BookingServiceImplTest
[INFO] Running org.docencia.hotel.domain.impl.GuestDomainImplTest
[INFO] Tests run: 39, Failures: 0, Errors: 0, Skipped: 0, Time elapsed: 0.030 s -- in org.docencia.hotel.domain.impl.GuestDomainImplTest
[INFO] Running org.docencia.hotel.domain.impl.RoomDomainImplTest
[INFO] Running org.docencia.hotel.domain.impl.RoomDomainImplTest$DeleteRoomsByHotelTests
[INFO] Tests run: 5, Failures: 0, Errors: 0, Skipped: 0, Time elapsed: 0.004 s -- in org.docencia.hotel.domain.impl.RoomDomainImplTest$DeleteRoomsByHotelTests
[INFO] Running org.docencia.hotel.domain.impl.RoomDomainImplTest$DeleteRoomTests
[INFO] Tests run: 3, Failures: 0, Errors: 0, Skipped: 0, Time elapsed: 0.002 s -- in org.docencia.hotel.domain.impl.RoomDomainImplTest$DeleteRoomTests
[INFO] Running org.docencia.hotel.domain.impl.RoomDomainImplTest$UpdateRoomTests
[INFO] Tests run: 10, Failures: 0, Errors: 0, Skipped: 0, Time elapsed: 0.006 s -- in org.docencia.hotel.domain.impl.RoomDomainImplTest$UpdateRoomTests
[INFO] Running org.docencia.hotel.domain.impl.RoomDomainImplTest$GetRoomsByHotelAndTypeTests
[INFO] Tests run: 6, Failures: 0, Errors: 0, Skipped: 0, Time elapsed: 0.004 s -- in org.docencia.hotel.domain.impl.RoomDomainImplTest$GetRoomsByHotelAndTypeTests
[INFO] Running org.docencia.hotel.domain.impl.RoomDomainImplTest$GetRoomsByHotelTests
[INFO] Tests run: 4, Failures: 0, Errors: 0, Skipped: 0, Time elapsed: 0.003 s -- in org.docencia.hotel.domain.impl.RoomDomainImplTest$GetRoomsByHotelTests
[INFO] Running org.docencia.hotel.domain.impl.RoomDomainImplTest$GetRoomByIdTests
[INFO] Tests run: 3, Failures: 0, Errors: 0, Skipped: 0, Time elapsed: 0.003 s -- in org.docencia.hotel.domain.impl.RoomDomainImplTest$GetRoomByIdTests
[INFO] Running org.docencia.hotel.domain.impl.RoomDomainImplTest$CreateRoomTests
[INFO] Tests run: 9, Failures: 0, Errors: 0, Skipped: 0, Time elapsed: 0.005 s -- in org.docencia.hotel.domain.impl.RoomDomainImplTest$CreateRoomTests
[INFO] Tests run: 0, Failures: 0, Errors: 0, Skipped: 0, Time elapsed: 0.053 s -- in org.docencia.hotel.domain.impl.RoomDomainImplTest
[INFO] Running org.docencia.hotel.domain.impl.HotelDomainImplTest
[INFO] Tests run: 24, Failures: 0, Errors: 0, Skipped: 0, Time elapsed: 0.014 s -- in org.docencia.hotel.domain.impl.HotelDomainImplTest
[INFO] Running org.docencia.hotel.domain.impl.BookingDomainImplTest
[INFO] Tests run: 36, Failures: 0, Errors: 0, Skipped: 0, Time elapsed: 0.038 s -- in org.docencia.hotel.domain.impl.BookingDomainImplTest
[INFO] Running org.docencia.hotel.domain.model.RoomTest
[INFO] Tests run: 10, Failures: 0, Errors: 0, Skipped: 0, Time elapsed: 0.002 s -- in org.docencia.hotel.domain.model.RoomTest
[INFO] Running org.docencia.hotel.domain.model.GuestPreferencesTest
[INFO] Tests run: 10, Failures: 0, Errors: 0, Skipped: 0, Time elapsed: 0.002 s -- in org.docencia.hotel.domain.model.GuestPreferencesTest
[INFO] Running org.docencia.hotel.domain.model.BookingTest
[INFO] Tests run: 10, Failures: 0, Errors: 0, Skipped: 0, Time elapsed: 0.003 s -- in org.docencia.hotel.domain.model.BookingTest
[INFO] Running org.docencia.hotel.domain.model.HotelTest
[INFO] Tests run: 10, Failures: 0, Errors: 0, Skipped: 0, Time elapsed: 0.001 s -- in org.docencia.hotel.domain.model.HotelTest
[INFO] Running org.docencia.hotel.domain.model.GuestTest
[INFO] Tests run: 10, Failures: 0, Errors: 0, Skipped: 0, Time elapsed: 0.002 s -- in org.docencia.hotel.domain.model.GuestTest
[INFO] 
[INFO] Results:
[INFO] 
[INFO] Tests run: 352, Failures: 0, Errors: 0, Skipped: 0
[INFO] 
[INFO] 
[INFO] --- jacoco:0.8.12:report (report) @ hotel-puerto ---
[INFO] Loading execution data file /Users/carlos/DAM/AED/hotel-puerto/target/jacoco.exec
[INFO] Analyzed bundle 'hotel-puerto' with 30 classes
[INFO] ------------------------------------------------------------------------
[INFO] BUILD SUCCESS
[INFO] ------------------------------------------------------------------------
[INFO] Total time:  3.309 s
[INFO] Finished at: 2025-12-31T20:38:34Z
[INFO] ------------------------------------------------------------------------
